<?xml version="1.0" encoding="UTF-8"?>
<!-- Generated by org.testng.reporters.JUnitReportReporter -->
<testsuite hostname="DESKTOP-7AJT7N3" failures="0" tests="1" name="com.crm.autodeskFrameworkSelenium.campaign.CreateCampaignWithProductTest" time="48.630" errors="0" timestamp="2022-03-28T14:56:18 IST" skipped="0">
  <testcase classname="com.crm.autodeskFrameworkSelenium.campaign.CreateCampaignWithProductTest" name="createCampaignWithProduct" time="48.630"/>
  <system-out/>
</testsuite> <!-- com.crm.autodeskFrameworkSelenium.campaign.CreateCampaignWithProductTest -->
