<?xml version="1.0" encoding="UTF-8"?>
<!-- Generated by org.testng.reporters.JUnitReportReporter -->
<testsuite hostname="DESKTOP-7AJT7N3" failures="0" tests="1" name="com.crm.autodeskFrameworkSelenium.campaign.CreateCampaignWithProductTest" time="31.273" errors="0" timestamp="2022-03-28T15:05:53 IST" skipped="0">
  <testcase classname="com.crm.autodeskFrameworkSelenium.campaign.CreateCampaignWithProductTest" name="createCampaignWithProduct" time="31.273"/>
  <system-out/>
</testsuite> <!-- com.crm.autodeskFrameworkSelenium.campaign.CreateCampaignWithProductTest -->
