<?xml version="1.0" encoding="UTF-8"?>
<!-- Generated by org.testng.reporters.JUnitReportReporter -->
<testsuite hostname="DESKTOP-7AJT7N3" failures="0" tests="1" name="com.crm.autodeskFrameworkSelenium.contacts.CreateContactTest" time="21.000" errors="0" timestamp="2022-03-29T15:03:08 IST" skipped="0">
  <testcase classname="com.crm.autodeskFrameworkSelenium.contacts.CreateContactTest" name="createContact" time="21.000"/>
  <system-out/>
</testsuite> <!-- com.crm.autodeskFrameworkSelenium.contacts.CreateContactTest -->
