<?xml version="1.0" encoding="UTF-8"?>
<!-- Generated by org.testng.reporters.JUnitReportReporter -->
<testsuite hostname="DESKTOP-7AJT7N3" failures="0" tests="1" name="com.crm.autodeskFrameworkSelenium.contacts.CreateContactTest" time="22.679" errors="0" timestamp="2022-03-28T14:59:36 IST" skipped="0">
  <testcase classname="com.crm.autodeskFrameworkSelenium.contacts.CreateContactTest" name="createContact" time="22.679"/>
  <system-out/>
</testsuite> <!-- com.crm.autodeskFrameworkSelenium.contacts.CreateContactTest -->
